Std_ScalarNN_layers5in149out245_BN_F Using 35006976 training examples with 149 input features and 245 output targets
the loss in this Epoch 18532.070414826274
RMSE:  0.7128733833516077  R2: 0.5281458423080208
ToutR2: 0.6486766243624632
T_adv_outR2: 0.1437627383884194
q_adv_outR2: 0.4592883594241824
q_auto_outR2: 0.5549140722720065
q_sed_flux_totR2: 0.7470691781768672
the loss in this Epoch 15744.223574653268
RMSE:  0.7204612674198196  R2: 0.5180474724328221
ToutR2: 0.6215196524887414
T_adv_outR2: 0.12100502495965317
q_adv_outR2: 0.48570460481052913
q_auto_outR2: 0.5267240449750717
q_sed_flux_totR2: 0.7455926445756955
the loss in this Epoch 14862.191745489836
RMSE:  0.6726797965913118  R2: 0.5798544625208326
ToutR2: 0.6884084668004031
T_adv_outR2: 0.21847527782382592
q_adv_outR2: 0.4963979799889532
q_auto_outR2: 0.5852617461111241
q_sed_flux_totR2: 0.8221839327672279
the loss in this Epoch 14260.909790173173
RMSE:  0.6668182030854821  R2: 0.5871446845199818
ToutR2: 0.6968887756308915
T_adv_outR2: 0.22129609579296772
q_adv_outR2: 0.5068353204343108
q_auto_outR2: 0.5965744289445766
q_sed_flux_totR2: 0.8257740775120606
the loss in this Epoch 13999.00576646626
RMSE:  0.6716275212456903  R2: 0.5811679046572052
ToutR2: 0.6888498415135278
T_adv_outR2: 0.19569636463959922
q_adv_outR2: 0.5151864658818952
q_auto_outR2: 0.594059748027488
q_sed_flux_totR2: 0.821347550461575
the loss in this Epoch 13813.19251780212
RMSE:  0.6707619568476978  R2: 0.582246754272705
ToutR2: 0.6900235373155333
T_adv_outR2: 0.2273159290393852
q_adv_outR2: 0.502239495937794
q_auto_outR2: 0.5872825294153268
q_sed_flux_totR2: 0.8177905958540987
the loss in this Epoch 13586.205153748393
RMSE:  0.6554536583581276  R2: 0.6010973051189312
ToutR2: 0.7076070326015471
T_adv_outR2: 0.24012247472708342
q_adv_outR2: 0.5188909863608439
q_auto_outR2: 0.6064981731450582
q_sed_flux_totR2: 0.8438739274244762
the loss in this Epoch 12259.17612247914
RMSE:  0.6483431053190439  R2: 0.6097051863415102
ToutR2: 0.7215079009982279
T_adv_outR2: 0.2258409040450595
q_adv_outR2: 0.5308536296241686
q_auto_outR2: 0.6235726216927104
q_sed_flux_totR2: 0.8551500006023129
slurmstepd: error: *** JOB 23552485 ON l002 CANCELLED AT 2024-04-22T16:42:29 ***
