Std_ScalarNN_layers5in151out245_BN_F Using 18975744 training examples with 151 input features and 245 output targets
the loss in this Epoch 9841.145370975137
RMSE:  0.7311640263499605  R2: 0.43053915338402593
ToutR2: 0.5062058329391264
T_adv_outR2: 0.030769686145632694
q_adv_outR2: 0.48968363437944956
q_auto_outR2: 0.5899722987602923
q_sed_flux_totR2: 0.5592275838342723
the loss in this Epoch 8726.46992456913
RMSE:  0.7285362979481783  R2: 0.4346956002087989
ToutR2: 0.45741677419568016
T_adv_outR2: 0.02840051183454711
q_adv_outR2: 0.48676322953779594
q_auto_outR2: 0.5833778028283796
q_sed_flux_totR2: 0.6244751439663511
the loss in this Epoch 8349.49028120935
RMSE:  0.7104279176335528  R2: 0.46238748566115384
ToutR2: 0.49579870451019625
T_adv_outR2: 0.05336622612577672
q_adv_outR2: 0.5174253000509147
q_auto_outR2: 0.6093734349795856
q_sed_flux_totR2: 0.6462016866695315
the loss in this Epoch 8136.929613858461
RMSE:  0.7311795023978265  R2: 0.43051086488037255
ToutR2: 0.40260519131770095
T_adv_outR2: 0.04498959046992005
q_adv_outR2: 0.5092380879162556
q_auto_outR2: 0.5787649689814574
q_sed_flux_totR2: 0.6084139324790434
the loss in this Epoch 8108.402613937855
RMSE:  0.7109180090598618  R2: 0.461668689365619
ToutR2: 0.5214752822175014
T_adv_outR2: 0.0703804686256757
q_adv_outR2: 0.49401696916893956
q_auto_outR2: 0.6012159194206322
q_sed_flux_totR2: 0.6395629479651272
the loss in this Epoch 7979.214198425412
RMSE:  0.7023454708803464  R2: 0.47454729755539377
ToutR2: 0.43165076928115886
T_adv_outR2: 0.0705513984716223
q_adv_outR2: 0.5260986562903375
q_auto_outR2: 0.6242705846126383
q_sed_flux_totR2: 0.7070334887320673
the loss in this Epoch 7839.516056329012
RMSE:  0.7053579339391498  R2: 0.47002653957041834
ToutR2: 0.47677045167028265
T_adv_outR2: 0.06731454721611792
q_adv_outR2: 0.5117086633301113
q_auto_outR2: 0.6140994046990633
q_sed_flux_totR2: 0.6823040937237251
the loss in this Epoch 7244.717682108283
RMSE:  0.6901660213665325  R2: 0.4926067107855014
ToutR2: 0.5273899877119455
T_adv_outR2: 0.08355571052494462
q_adv_outR2: 0.5260763672529709
q_auto_outR2: 0.6369386887952536
q_sed_flux_totR2: 0.6997207414573506
the loss in this Epoch 7178.297440841794
RMSE:  0.690898686089543  R2: 0.491529990418732
ToutR2: 0.5208774565567458
T_adv_outR2: 0.09023258166260896
q_adv_outR2: 0.5339864174719465
q_auto_outR2: 0.6274569076393699
q_sed_flux_totR2: 0.69408050686843
the loss in this Epoch 7132.6157680898905
RMSE:  0.688924498046535  R2: 0.4944320482509389
ToutR2: 0.5140501097590748
T_adv_outR2: 0.08753806927808103
q_adv_outR2: 0.5276226413961616
q_auto_outR2: 0.6355192728187702
q_sed_flux_totR2: 0.7134356769365996
the loss in this Epoch 7100.0598448216915
RMSE:  0.6941839104257449  R2: 0.4866830568663309
ToutR2: 0.509769891647458
T_adv_outR2: 0.07563611238823817
q_adv_outR2: 0.52459111553919
q_auto_outR2: 0.632489883079301
q_sed_flux_totR2: 0.6979956799776177
/var/spool/slurm/d/job20773870/slurm_script: line 20: 93701 Killed                  python3 run_simple_big_data_65.py
slurmstepd: error: Detected 1 oom-kill event(s) in StepId=20773870.batch cgroup. Some of your processes may have been killed by the cgroup out-of-memory handler.
